[debug] [2026-04-16T13:20:28.080Z] ----------------------------------------------------------------------
[debug] [2026-04-16T13:20:28.082Z] Command:       C:\Program Files\nodejs\node.exe C:\Users\Administrator\AppData\Roaming\npm\node_modules\firebase-tools\lib\bin\firebase.js deploy
[debug] [2026-04-16T13:20:28.082Z] CLI Version:   15.14.0
[debug] [2026-04-16T13:20:28.082Z] Platform:      win32
[debug] [2026-04-16T13:20:28.082Z] Node Version:  v24.14.1
[debug] [2026-04-16T13:20:28.082Z] Time:          Thu Apr 16 2026 21:20:28 GMT+0800 (Singapore Standard Time)
[debug] [2026-04-16T13:20:28.082Z] ----------------------------------------------------------------------
[debug] 
[debug] [2026-04-16T13:20:29.004Z] > command requires scopes: ["email","openid","https://www.googleapis.com/auth/cloudplatformprojects.readonly","https://www.googleapis.com/auth/firebase","https://www.googleapis.com/auth/cloud-platform"]
[debug] [2026-04-16T13:20:29.004Z] > authorizing via signed-in user (ahronp@hyacinthindustriesllc.com)
[debug] [2026-04-16T13:20:29.004Z] [iam] checking project proposal-management-1d4ec for permissions ["cloudfunctions.functions.create","cloudfunctions.functions.delete","cloudfunctions.functions.get","cloudfunctions.functions.list","cloudfunctions.functions.update","cloudfunctions.operations.get","datastore.indexes.create","datastore.indexes.delete","datastore.indexes.list","datastore.indexes.update","firebase.projects.get","firebaserules.releases.create","firebaserules.releases.update","firebaserules.rulesets.create"]
[debug] [2026-04-16T13:20:29.005Z] Checked if tokens are valid: true, expires at: 1776347842987
[debug] [2026-04-16T13:20:29.005Z] Checked if tokens are valid: true, expires at: 1776347842987
[debug] [2026-04-16T13:20:29.006Z] >>> [apiv2][query] POST https://cloudresourcemanager.googleapis.com/v1/projects/proposal-management-1d4ec:testIamPermissions [none]
[debug] [2026-04-16T13:20:29.006Z] >>> [apiv2][(partial)header] POST https://cloudresourcemanager.googleapis.com/v1/projects/proposal-management-1d4ec:testIamPermissions  x-goog-user-project=proposal-management-1d4ec
[debug] [2026-04-16T13:20:29.006Z] >>> [apiv2][body] POST https://cloudresourcemanager.googleapis.com/v1/projects/proposal-management-1d4ec:testIamPermissions {"permissions":["cloudfunctions.functions.create","cloudfunctions.functions.delete","cloudfunctions.functions.get","cloudfunctions.functions.list","cloudfunctions.functions.update","cloudfunctions.operations.get","datastore.indexes.create","datastore.indexes.delete","datastore.indexes.list","datastore.indexes.update","firebase.projects.get","firebaserules.releases.create","firebaserules.releases.update","firebaserules.rulesets.create"]}
[debug] [2026-04-16T13:20:30.644Z] <<< [apiv2][status] POST https://cloudresourcemanager.googleapis.com/v1/projects/proposal-management-1d4ec:testIamPermissions 200
[debug] [2026-04-16T13:20:30.644Z] <<< [apiv2][body] POST https://cloudresourcemanager.googleapis.com/v1/projects/proposal-management-1d4ec:testIamPermissions {"permissions":["cloudfunctions.functions.create","cloudfunctions.functions.delete","cloudfunctions.functions.get","cloudfunctions.functions.list","cloudfunctions.functions.update","cloudfunctions.operations.get","datastore.indexes.create","datastore.indexes.delete","datastore.indexes.list","datastore.indexes.update","firebase.projects.get","firebaserules.releases.create","firebaserules.releases.update","firebaserules.rulesets.create"]}
[debug] [2026-04-16T13:20:30.644Z] Checked if tokens are valid: true, expires at: 1776347842987
[debug] [2026-04-16T13:20:30.644Z] Checked if tokens are valid: true, expires at: 1776347842987
[debug] [2026-04-16T13:20:30.644Z] >>> [apiv2][query] POST https://iam.googleapis.com/v1/projects/proposal-management-1d4ec/serviceAccounts/proposal-management-1d4ec@appspot.gserviceaccount.com:testIamPermissions [none]
[debug] [2026-04-16T13:20:30.644Z] >>> [apiv2][body] POST https://iam.googleapis.com/v1/projects/proposal-management-1d4ec/serviceAccounts/proposal-management-1d4ec@appspot.gserviceaccount.com:testIamPermissions {"permissions":["iam.serviceAccounts.actAs"]}
[debug] [2026-04-16T13:20:31.964Z] <<< [apiv2][status] POST https://iam.googleapis.com/v1/projects/proposal-management-1d4ec/serviceAccounts/proposal-management-1d4ec@appspot.gserviceaccount.com:testIamPermissions 200
[debug] [2026-04-16T13:20:31.964Z] <<< [apiv2][body] POST https://iam.googleapis.com/v1/projects/proposal-management-1d4ec/serviceAccounts/proposal-management-1d4ec@appspot.gserviceaccount.com:testIamPermissions {"permissions":["iam.serviceAccounts.actAs"]}
[info] 
[info] === Deploying to 'proposal-management-1d4ec'...
[info] 
[info] i  deploying storage, firestore, functions, apphosting 
[info] Running command: npm --prefix "$RESOURCE_DIR" run build
[info] +  functions: Finished running predeploy script. 
[info] i  storage: ensuring required API firebasestorage.googleapis.com is enabled... 
[debug] [2026-04-16T13:20:34.998Z] Checked if tokens are valid: true, expires at: 1776347842987
[debug] [2026-04-16T13:20:34.998Z] Checked if tokens are valid: true, expires at: 1776347842987
[debug] [2026-04-16T13:20:34.998Z] >>> [apiv2][query] GET https://firebasestorage.googleapis.com/v1alpha/projects/proposal-management-1d4ec/defaultBucket [none]
[debug] [2026-04-16T13:20:35.773Z] <<< [apiv2][status] GET https://firebasestorage.googleapis.com/v1alpha/projects/proposal-management-1d4ec/defaultBucket 200
[debug] [2026-04-16T13:20:35.773Z] <<< [apiv2][body] GET https://firebasestorage.googleapis.com/v1alpha/projects/proposal-management-1d4ec/defaultBucket {"name":"projects/proposal-management-1d4ec/defaultBucket","location":"US-CENTRAL1","bucket":{"name":"projects/proposal-management-1d4ec/buckets/proposal-management-1d4ec.firebasestorage.app"},"storageClass":"REGIONAL"}
[info] i  firebase.storage: checking storage.rules for compilation errors... 
[debug] [2026-04-16T13:20:35.774Z] Checked if tokens are valid: true, expires at: 1776347842987
[debug] [2026-04-16T13:20:35.774Z] Checked if tokens are valid: true, expires at: 1776347842987
[debug] [2026-04-16T13:20:35.774Z] >>> [apiv2][query] POST https://firebaserules.googleapis.com/v1/projects/proposal-management-1d4ec:test [none]
[debug] [2026-04-16T13:20:35.774Z] >>> [apiv2][body] POST https://firebaserules.googleapis.com/v1/projects/proposal-management-1d4ec:test [omitted]
[debug] [2026-04-16T13:20:38.706Z] <<< [apiv2][status] POST https://firebaserules.googleapis.com/v1/projects/proposal-management-1d4ec:test 200
[debug] [2026-04-16T13:20:38.706Z] <<< [apiv2][body] POST https://firebaserules.googleapis.com/v1/projects/proposal-management-1d4ec:test {}
[info] +  firebase.storage: rules file storage.rules compiled successfully 
[info] i  firestore: ensuring required API firestore.googleapis.com is enabled... 
[info] i  firestore: ensuring required API firestore.googleapis.com is enabled... 
[debug] [2026-04-16T13:20:38.708Z] Checked if tokens are valid: true, expires at: 1776347842987
[debug] [2026-04-16T13:20:38.708Z] Checked if tokens are valid: true, expires at: 1776347842987
[debug] [2026-04-16T13:20:38.708Z] >>> [apiv2][query] GET https://firestore.googleapis.com/v1/projects/proposal-management-1d4ec/databases/(default) [none]
[debug] [2026-04-16T13:20:43.329Z] <<< [apiv2][status] GET https://firestore.googleapis.com/v1/projects/proposal-management-1d4ec/databases/(default) 200
[debug] [2026-04-16T13:20:43.329Z] <<< [apiv2][body] GET https://firestore.googleapis.com/v1/projects/proposal-management-1d4ec/databases/(default) {"name":"projects/proposal-management-1d4ec/databases/(default)","uid":"d1c3a65e-6e4b-4ddc-a514-510d63703969","createTime":"2026-04-15T13:17:57.041118Z","updateTime":"2026-04-15T13:17:57.041118Z","locationId":"nam5","type":"FIRESTORE_NATIVE","concurrencyMode":"PESSIMISTIC","versionRetentionPeriod":"3600s","earliestVersionTime":"2026-04-16T12:20:44.302944Z","appEngineIntegrationMode":"DISABLED","keyPrefix":"s","pointInTimeRecoveryEnablement":"POINT_IN_TIME_RECOVERY_DISABLED","deleteProtectionState":"DELETE_PROTECTION_DISABLED","databaseEdition":"STANDARD","freeTier":true,"realtimeUpdatesMode":"REALTIME_UPDATES_MODE_ENABLED","etag":"IPn+gZm78pMDMI2PtYn575MD"}
[info] i  firestore: reading indexes from firestore.indexes.json... 
[info] i  cloud.firestore: checking firestore.rules for compilation errors... 
[debug] [2026-04-16T13:20:43.331Z] Checked if tokens are valid: true, expires at: 1776347842987
[debug] [2026-04-16T13:20:43.331Z] Checked if tokens are valid: true, expires at: 1776347842987
[debug] [2026-04-16T13:20:43.332Z] >>> [apiv2][query] POST https://firebaserules.googleapis.com/v1/projects/proposal-management-1d4ec:test [none]
[debug] [2026-04-16T13:20:43.332Z] >>> [apiv2][body] POST https://firebaserules.googleapis.com/v1/projects/proposal-management-1d4ec:test [omitted]
[debug] [2026-04-16T13:20:44.821Z] <<< [apiv2][status] POST https://firebaserules.googleapis.com/v1/projects/proposal-management-1d4ec:test 200
[debug] [2026-04-16T13:20:44.821Z] <<< [apiv2][body] POST https://firebaserules.googleapis.com/v1/projects/proposal-management-1d4ec:test {}
[info] +  cloud.firestore: rules file firestore.rules compiled successfully 
[debug] [2026-04-16T13:20:44.822Z] Checked if tokens are valid: true, expires at: 1776347842987
[debug] [2026-04-16T13:20:44.822Z] Checked if tokens are valid: true, expires at: 1776347842987
[debug] [2026-04-16T13:20:44.822Z] >>> [apiv2][query] GET https://cloudresourcemanager.googleapis.com/v1/projects/proposal-management-1d4ec [none]
[debug] [2026-04-16T13:20:46.378Z] <<< [apiv2][status] GET https://cloudresourcemanager.googleapis.com/v1/projects/proposal-management-1d4ec 200
[debug] [2026-04-16T13:20:46.378Z] <<< [apiv2][body] GET https://cloudresourcemanager.googleapis.com/v1/projects/proposal-management-1d4ec {"projectNumber":"424258487010","projectId":"proposal-management-1d4ec","lifecycleState":"ACTIVE","name":"Proposal-Management","labels":{"firebase":"enabled","firebase-core":"disabled"},"createTime":"2026-04-14T16:24:55.235Z","parent":{"type":"organization","id":"107862117958"}}
[info] i  functions: preparing codebase default for deployment 
[info] i  functions: ensuring required API cloudfunctions.googleapis.com is enabled... 
[info] i  functions: ensuring required API cloudbuild.googleapis.com is enabled... 
[info] i  artifactregistry: ensuring required API artifactregistry.googleapis.com is enabled... 
[debug] [2026-04-16T13:20:46.380Z] Checked if tokens are valid: true, expires at: 1776347842987
[debug] [2026-04-16T13:20:46.380Z] Checked if tokens are valid: true, expires at: 1776347842987
[debug] [2026-04-16T13:20:46.380Z] >>> [apiv2][query] GET https://firebase.googleapis.com/v1beta1/projects/proposal-management-1d4ec/adminSdkConfig [none]
[debug] [2026-04-16T13:20:50.109Z] <<< [apiv2][status] GET https://firebase.googleapis.com/v1beta1/projects/proposal-management-1d4ec/adminSdkConfig 200
[debug] [2026-04-16T13:20:50.109Z] <<< [apiv2][body] GET https://firebase.googleapis.com/v1beta1/projects/proposal-management-1d4ec/adminSdkConfig {"projectId":"proposal-management-1d4ec","storageBucket":"proposal-management-1d4ec.firebasestorage.app"}
